<?xml version="1.0" encoding="UTF-8"?>
<!-- Generated by org.testng.reporters.JUnitXMLReporter -->
<testsuite ignored="0" hostname="LAPTOP-4UKCBIRS" failures="0" tests="3" name="Default test" time="13.088" errors="0" timestamp="2023-12-04T10:53:51 IST">
  <testcase classname="Basic.execution1" name="Swiggy" time="5.578"/>
  <testcase classname="Basic.execution1" name="facebook" time="2.659"/>
  <testcase classname="Basic.execution1" name="zomato" time="4.77"/>
</testsuite> <!-- Default test -->
