<?xml version="1.0" encoding="UTF-8"?>
<!-- Generated by org.testng.reporters.JUnitXMLReporter -->
<testsuite ignored="1" hostname="LAPTOP-4UKCBIRS" failures="0" tests="2" name="Test" time="10.924" errors="0" timestamp="2023-12-04T10:54:24 IST">
  <testcase classname="Basic.execution1" name="Swiggy" time="5.229"/>
  <testcase classname="Basic.execution1" name="zomato" time="5.617"/>
  <testcase classname="Basic.execution1" name="facebook" time="0.0">
    <ignored/>
  </testcase> <!-- facebook -->
</testsuite> <!-- Test -->
